лист. 21, 2022 8:25:07 ПП Command.RedirectViewCommand execute
INFO: Redirected to UI.DevicesListScreen
лист. 21, 2022 9:13:17 ПП Command.RedirectViewCommand execute
INFO: Redirected to UI.DevicesListScreen
лист. 21, 2022 9:13:21 ПП Command.SortDeviceListScreenCommand execute
INFO: Sorting completed
лист. 21, 2022 9:13:22 ПП Command.RedirectViewCommand execute
INFO: Redirected to UI.DevicesListScreen
лист. 21, 2022 9:13:33 ПП Command.ActiveDeviceListCommand execute
INFO: Show only active devices
лист. 21, 2022 9:13:33 ПП Command.RedirectViewCommand execute
INFO: Redirected to UI.DevicesListScreen
лист. 21, 2022 9:13:55 ПП Command.SwitchCommand execute
INFO: PS5 was switched to true
лист. 21, 2022 9:13:55 ПП Command.RedirectViewCommand execute
INFO: Redirected to UI.DevicesListScreen
лист. 21, 2022 9:15:40 ПП Command.RedirectViewCommand execute
INFO: Redirected to UI.DevicesListScreen
лист. 21, 2022 9:16:07 ПП Command.AddDeviceCommand execute
INFO: Added new device
лист. 21, 2022 9:16:07 ПП Command.RedirectViewCommand execute
INFO: Redirected to UI.DevicesListScreen
лист. 21, 2022 9:16:39 ПП Command.AddDeviceCommand execute
INFO: Added new device
лист. 21, 2022 9:16:39 ПП Command.RedirectViewCommand execute
INFO: Redirected to UI.DevicesListScreen
лист. 21, 2022 9:16:51 ПП Command.RedirectViewCommand execute
INFO: Redirected to UI.MainScreen
лист. 21, 2022 9:18:06 ПП Command.RedirectViewCommand execute
INFO: Redirected to UI.RoomListScreen
лист. 21, 2022 9:18:21 ПП Command.ShowDevicesInRoomCommand execute
INFO: Showed devices in room. Reqauest - Kitchen
лист. 21, 2022 9:18:21 ПП Command.RedirectViewCommand execute
INFO: Redirected to UI.RoomListScreen
лист. 21, 2022 9:18:31 ПП Command.DeleteRoomCommand execute
INFO: Room "bedroom" is deleted
лист. 21, 2022 9:18:31 ПП Command.RedirectViewCommand execute
INFO: Redirected to UI.RoomListScreen
лист. 21, 2022 9:18:39 ПП Command.SortRoomListScreenCommand execute
INFO: Sorting completed
лист. 21, 2022 9:18:41 ПП Command.RedirectViewCommand execute
INFO: Redirected to UI.RoomListScreen
лист. 21, 2022 9:18:44 ПП Command.RedirectViewCommand execute
INFO: Redirected to UI.MainScreen
лист. 21, 2022 9:19:15 ПП Command.RedirectViewCommand execute
INFO: Redirected to UI.DevicesListScreen
лист. 21, 2022 9:19:20 ПП Command.AddDeviceCommand execute
WARNING: Room wasn't found. Request - rfd
лист. 21, 2022 9:19:20 ПП Command.AddDeviceCommand execute
INFO: Added new device
лист. 21, 2022 9:19:20 ПП Command.RedirectViewCommand execute
INFO: Redirected to UI.DevicesListScreen
лист. 21, 2022 9:19:26 ПП Command.RedirectViewCommand execute
INFO: Redirected to UI.MainScreen
лист. 21, 2022 9:19:34 ПП Command.RedirectViewCommand execute
INFO: Redirected to UI.RoomListScreen
лист. 21, 2022 9:19:39 ПП Command.DeleteRoomCommand execute
INFO: Room "lof" is deleted
лист. 21, 2022 9:19:39 ПП Command.RedirectViewCommand execute
INFO: Redirected to UI.RoomListScreen
лист. 21, 2022 9:29:29 ПП Command.RedirectViewCommand execute
INFO: Redirected to UI.MainScreen
лист. 21, 2022 9:29:32 ПП Command.RedirectViewCommand execute
INFO: Redirected to UI.DevicesListScreen
лист. 21, 2022 9:29:44 ПП Command.DeleteDeviceCommand execute
INFO: Device is not found. Request - 4650
лист. 21, 2022 9:30:55 ПП Command.RedirectViewCommand execute
INFO: Redirected to UI.DevicesListScreen
лист. 21, 2022 9:31:00 ПП Command.DeleteDeviceCommand execute
INFO: Device is not found. Request - 5461
лист. 21, 2022 9:31:00 ПП Command.RedirectViewCommand execute
INFO: Redirected to UI.DevicesListScreen
лист. 21, 2022 9:32:35 ПП Command.DeleteDeviceCommand execute
INFO: Device "Musical center" is deleted
лист. 21, 2022 9:32:35 ПП Command.RedirectViewCommand execute
INFO: Redirected to UI.DevicesListScreen
лист. 21, 2022 9:32:38 ПП Command.RedirectViewCommand execute
INFO: Redirected to UI.MainScreen
лист. 21, 2022 9:32:40 ПП Command.RedirectViewCommand execute
INFO: Redirected to UI.ElectricalPowerScreen
лист. 21, 2022 9:32:52 ПП Command.RedirectViewCommand execute
INFO: Redirected to UI.MainScreen
лист. 21, 2022 9:32:54 ПП Command.RedirectViewCommand execute
INFO: Redirected to UI.SearchScreen
лист. 21, 2022 9:33:11 ПП Command.SearchHouseScreenCommand execute
INFO: Device was found in Kitchen - Coffee machine
 Request - /search 6812
лист. 21, 2022 9:33:13 ПП Command.RedirectViewCommand execute
INFO: Redirected to UI.MainScreen
лист. 21, 2022 9:33:15 ПП Command.RedirectViewCommand execute
INFO: Redirected to UI.SearchScreen
лист. 21, 2022 9:33:25 ПП Command.SearchHouseScreenCommand execute
WARNING: Int parsing threw an exception
лист. 21, 2022 9:33:25 ПП Command.SearchHouseScreenCommand execute
INFO: Device was found in LivingRoom - TV
 Request - /search TV
лист. 21, 2022 9:33:27 ПП Command.RedirectViewCommand execute
INFO: Redirected to UI.MainScreen
лист. 21, 2022 9:33:28 ПП Command.RedirectViewCommand execute
INFO: Redirected to UI.SearchScreen
лист. 21, 2022 9:33:43 ПП Command.SearchHouseScreenCommand execute
WARNING: Int parsing threw an exception
лист. 21, 2022 9:33:43 ПП Command.SearchHouseScreenCommand execute
WARNING: Device wasn't found in house. Request - /search fdjk
лист. 21, 2022 9:33:43 ПП Command.RedirectViewCommand execute
INFO: Redirected to UI.MainScreen
лист. 21, 2022 9:33:46 ПП Command.RedirectViewCommand execute
INFO: Redirected to UI.SearchScreen
лист. 21, 2022 9:34:51 ПП Command.SearchRoomScreenCommand execute
WARNING: Room was not found. Request - /search lsfjk 4561
лист. 21, 2022 9:34:51 ПП Command.SearchRoomScreenCommand execute
WARNING: Device was not found. Request - /search lsfjk 4561
лист. 21, 2022 9:34:51 ПП Command.RedirectViewCommand execute
INFO: Redirected to UI.MainScreen
лист. 21, 2022 9:34:56 ПП Command.RedirectViewCommand execute
INFO: Redirected to UI.SearchScreen
лист. 21, 2022 9:35:08 ПП Command.SearchRoomScreenCommand execute
WARNING: Device was not found. Request - /search kitchen 4651
лист. 21, 2022 9:35:08 ПП Command.RedirectViewCommand execute
INFO: Redirected to UI.MainScreen
лист. 21, 2022 9:35:11 ПП Command.RedirectViewCommand execute
INFO: Redirected to UI.SearchScreen
лист. 21, 2022 9:35:38 ПП Command.SearchRoomScreenCommand execute
INFO: Device wa found. Result - Toaster - 6827 - Deactivated
Request - /search kitchen 6827
лист. 21, 2022 9:35:40 ПП Command.RedirectViewCommand execute
INFO: Redirected to UI.MainScreen
лист. 21, 2022 9:35:47 ПП Command.RedirectViewCommand execute
INFO: Redirected to UI.SearchScreen
лист. 21, 2022 9:36:03 ПП Command.SearchRoomScreenCommand execute
WARNING: Int parsing threw an exception. Request - /search kitchen TV
лист. 21, 2022 9:36:03 ПП Command.SearchRoomScreenCommand execute
WARNING: Device was not found. Request - /search kitchen TV
лист. 21, 2022 9:36:03 ПП Command.RedirectViewCommand execute
INFO: Redirected to UI.MainScreen
лист. 21, 2022 9:36:14 ПП Command.RedirectViewCommand execute
INFO: Redirected to UI.SearchScreen
лист. 21, 2022 9:36:28 ПП Command.SearchRoomScreenCommand execute
WARNING: Int parsing threw an exception. Request - /search kitchen toaster
лист. 21, 2022 9:36:28 ПП Command.SearchRoomScreenCommand execute
WARNING: Device was not found. Request - /search kitchen toaster
лист. 21, 2022 9:36:28 ПП Command.RedirectViewCommand execute
INFO: Redirected to UI.MainScreen
лист. 21, 2022 9:36:45 ПП Command.RedirectViewCommand execute
INFO: Redirected to UI.SearchScreen
лист. 21, 2022 9:36:58 ПП Command.SearchRoomScreenCommand execute
WARNING: Int parsing threw an exception. Request - /search kitchen Toaster
лист. 21, 2022 9:36:58 ПП Command.SearchRoomScreenCommand execute
WARNING: Device was not found. Request - /search kitchen Toaster
лист. 21, 2022 9:36:58 ПП Command.RedirectViewCommand execute
INFO: Redirected to UI.MainScreen
лист. 21, 2022 9:38:29 ПП Command.RedirectViewCommand execute
INFO: Redirected to UI.SearchScreen
лист. 21, 2022 9:38:38 ПП Command.SearchRoomScreenCommand execute
WARNING: Int parsing threw an exception. Request - /search kitchen Toaster
лист. 21, 2022 9:38:38 ПП Command.SearchRoomScreenCommand execute
WARNING: Device was not found. Request - /search kitchen Toaster
лист. 21, 2022 9:38:38 ПП Command.RedirectViewCommand execute
INFO: Redirected to UI.MainScreen
лист. 21, 2022 9:38:42 ПП Command.RedirectViewCommand execute
INFO: Redirected to UI.DevicesListScreen
лист. 21, 2022 9:40:16 ПП Command.RedirectViewCommand execute
INFO: Redirected to UI.DevicesListScreen
лист. 21, 2022 9:40:23 ПП Command.RedirectViewCommand execute
INFO: Redirected to UI.MainScreen
лист. 21, 2022 9:40:25 ПП Command.RedirectViewCommand execute
INFO: Redirected to UI.SearchScreen
лист. 21, 2022 9:40:37 ПП Command.SearchRoomScreenCommand execute
WARNING: Int parsing threw an exception. Request - /search kitchen Toaster
лист. 21, 2022 9:40:37 ПП Command.SearchRoomScreenCommand execute
WARNING: Device was not found. Request - /search kitchen Toaster
лист. 21, 2022 9:40:37 ПП Command.RedirectViewCommand execute
INFO: Redirected to UI.MainScreen
лист. 21, 2022 9:41:00 ПП Command.RedirectViewCommand execute
INFO: Redirected to UI.SearchScreen
лист. 21, 2022 9:41:16 ПП Command.SearchRoomScreenCommand execute
WARNING: Int parsing threw an exception. Request - /search kitchen Toaster
лист. 21, 2022 9:41:42 ПП Command.SearchRoomScreenCommand execute
WARNING: Device was not found. Request - /search kitchen Toaster
лист. 21, 2022 9:41:42 ПП Command.RedirectViewCommand execute
INFO: Redirected to UI.MainScreen
лист. 21, 2022 9:42:37 ПП Command.RedirectViewCommand execute
INFO: Redirected to UI.SearchScreen
лист. 21, 2022 9:43:30 ПП Command.SearchRoomScreenCommand execute
WARNING: Int parsing threw an exception. Request - /search kitchen Toaster
лист. 21, 2022 9:44:00 ПП Command.SearchRoomScreenCommand execute
WARNING: Device was not found. Request - /search kitchen Toaster
лист. 21, 2022 9:44:00 ПП Command.RedirectViewCommand execute
INFO: Redirected to UI.MainScreen
лист. 21, 2022 9:44:15 ПП Command.RedirectViewCommand execute
INFO: Redirected to UI.SearchScreen
лист. 21, 2022 9:44:26 ПП Command.SearchRoomScreenCommand execute
WARNING: Int parsing threw an exception. Request - /search kitchen toaster
лист. 21, 2022 9:44:26 ПП Command.SearchRoomScreenCommand execute
INFO: Device wa found. Result - Toaster - 6827 - Deactivated
Request - /search kitchen toaster
лист. 21, 2022 9:44:28 ПП Command.RedirectViewCommand execute
INFO: Redirected to UI.MainScreen
лист. 21, 2022 9:46:25 ПП Command.RedirectViewCommand execute
INFO: Redirected to UI.SearchScreen
лист. 21, 2022 9:46:38 ПП Command.SearchRoomScreenCommand execute
WARNING: Int parsing threw an exception. Request - /search kitchen toaster
лист. 21, 2022 9:46:38 ПП Command.SearchRoomScreenCommand execute
INFO: Device wa found. Result - Toaster - 6827 - Deactivated
	Request - /search kitchen toaster
лист. 21, 2022 9:46:39 ПП Command.RedirectViewCommand execute
INFO: Redirected to UI.MainScreen
лист. 21, 2022 11:56:25 ПП Command.RedirectViewCommand execute
INFO: Redirected to UI.DevicesListScreen
лист. 21, 2022 11:56:32 ПП Command.DeleteDeviceCommand execute
INFO: Device "TV" is deleted
лист. 21, 2022 11:56:32 ПП Command.RedirectViewCommand execute
INFO: Redirected to UI.DevicesListScreen
лист. 21, 2022 11:56:47 ПП Command.AddDeviceCommand execute
INFO: Added new device
лист. 21, 2022 11:56:47 ПП Command.RedirectViewCommand execute
INFO: Redirected to UI.DevicesListScreen
лист. 21, 2022 11:57:01 ПП Command.SwitchCommand execute
INFO: TV was switched to true
лист. 21, 2022 11:57:01 ПП Command.RedirectViewCommand execute
INFO: Redirected to UI.DevicesListScreen
лист. 21, 2022 11:57:05 ПП Command.SortDeviceListScreenCommand execute
INFO: Sorting completed
лист. 21, 2022 11:57:09 ПП Command.RedirectViewCommand execute
INFO: Redirected to UI.DevicesListScreen
лист. 21, 2022 11:57:11 ПП Command.RedirectViewCommand execute
INFO: Redirected to UI.MainScreen
лист. 26, 2022 12:51:05 ДП Service.RoomManager deleteRoom
SEVERE: Room was not deleted
